<?xml version="1.0" encoding="UTF-8"?>
<!-- Generated by org.testng.reporters.JUnitXMLReporter -->
<testsuite ignored="0" hostname="Poojas-MacBook-Pro.local" failures="5" tests="5" name="Default test" time="2.102" errors="0" timestamp="07 Feb 2020 05:22:14 GMT">
  <testcase classname="cucumber.api.testng.AbstractTestNGCucumberTests" name="runScenario" time="0.082">
    <failure type="cucumber.runtime.CucumberException" message="Could not create a cucumber expression for &amp;apos;Enter Passenger FirstName {string name1}&amp;apos;.
It appears you did not register parameter type. The details are in the stacktrace below.
You can find the documentation here: https://docs.cucumber.io/cucumber/cucumber-expressions/">
      <![CDATA[cucumber.runtime.CucumberException: Could not create a cucumber expression for 'Enter Passenger FirstName {string name1}'.
It appears you did not register parameter type. The details are in the stacktrace below.
You can find the documentation here: https://docs.cucumber.io/cucumber/cucumber-expressions/
at io.cucumber.stepexpression.StepExpressionFactory.registerTypeInConfiguration(StepExpressionFactory.java:93)
at io.cucumber.stepexpression.StepExpressionFactory.createExpression(StepExpressionFactory.java:65)
at io.cucumber.stepexpression.StepExpressionFactory.createExpression(StepExpressionFactory.java:54)
at cucumber.runtime.java.JavaStepDefinition.createExpression(JavaStepDefinition.java:44)
at cucumber.runtime.java.JavaStepDefinition.<init>(JavaStepDefinition.java:36)
at cucumber.runtime.java.JavaBackend.addStepDefinition(JavaBackend.java:146)
at cucumber.runtime.java.MethodScanner.scan(MethodScanner.java:65)
at cucumber.runtime.java.MethodScanner.scan(MethodScanner.java:42)
at cucumber.runtime.java.JavaBackend.loadGlue(JavaBackend.java:82)
at cucumber.runner.Runner.<init>(Runner.java:28)
at cucumber.runner.ThreadLocalRunnerSupplier.createRunner(ThreadLocalRunnerSupplier.java:44)
at cucumber.runner.ThreadLocalRunnerSupplier.access$000(ThreadLocalRunnerSupplier.java:15)
at cucumber.runner.ThreadLocalRunnerSupplier$1.initialValue(ThreadLocalRunnerSupplier.java:24)
at cucumber.runner.ThreadLocalRunnerSupplier$1.initialValue(ThreadLocalRunnerSupplier.java:21)
at java.base/java.lang.ThreadLocal.setInitialValue(ThreadLocal.java:195)
at java.base/java.lang.ThreadLocal.get(ThreadLocal.java:172)
at cucumber.runner.ThreadLocalRunnerSupplier.get(ThreadLocalRunnerSupplier.java:40)
at cucumber.api.testng.TestNGCucumberRunner.runScenario(TestNGCucumberRunner.java:66)
at cucumber.api.testng.AbstractTestNGCucumberTests.runScenario(AbstractTestNGCucumberTests.java:22)
at java.base/jdk.internal.reflect.NativeMethodAccessorImpl.invoke0(Native Method)
at java.base/jdk.internal.reflect.NativeMethodAccessorImpl.invoke(NativeMethodAccessorImpl.java:62)
at java.base/jdk.internal.reflect.DelegatingMethodAccessorImpl.invoke(DelegatingMethodAccessorImpl.java:43)
at java.base/java.lang.reflect.Method.invoke(Method.java:567)
at org.testng.internal.MethodInvocationHelper.invokeMethod(MethodInvocationHelper.java:124)
at org.testng.internal.Invoker.invokeMethod(Invoker.java:583)
at org.testng.internal.Invoker.invokeTestMethod(Invoker.java:719)
at org.testng.internal.Invoker.invokeTestMethods(Invoker.java:989)
at org.testng.internal.TestMethodWorker.invokeTestMethods(TestMethodWorker.java:125)
at org.testng.internal.TestMethodWorker.run(TestMethodWorker.java:109)
at org.testng.TestRunner.privateRun(TestRunner.java:648)
at org.testng.TestRunner.run(TestRunner.java:505)
at org.testng.SuiteRunner.runTest(SuiteRunner.java:455)
at org.testng.SuiteRunner.runSequentially(SuiteRunner.java:450)
at org.testng.SuiteRunner.privateRun(SuiteRunner.java:415)
at org.testng.SuiteRunner.run(SuiteRunner.java:364)
at org.testng.SuiteRunnerWorker.runSuite(SuiteRunnerWorker.java:52)
at org.testng.SuiteRunnerWorker.run(SuiteRunnerWorker.java:84)
at org.testng.TestNG.runSuitesSequentially(TestNG.java:1208)
at org.testng.TestNG.runSuitesLocally(TestNG.java:1137)
at org.testng.TestNG.runSuites(TestNG.java:1049)
at org.testng.TestNG.run(TestNG.java:1017)
at org.testng.remote.AbstractRemoteTestNG.run(AbstractRemoteTestNG.java:115)
at org.testng.remote.RemoteTestNG.initAndRun(RemoteTestNG.java:251)
at org.testng.remote.RemoteTestNG.main(RemoteTestNG.java:77)
Caused by: io.cucumber.cucumberexpressions.UndefinedParameterTypeException: Undefined parameter type {string name1}. Please register a ParameterType for {string name1}.
at io.cucumber.cucumberexpressions.CucumberExpression.processParameters(CucumberExpression.java:101)
at io.cucumber.cucumberexpressions.CucumberExpression.<init>(CucumberExpression.java:32)
at io.cucumber.cucumberexpressions.ExpressionFactory.createExpression(ExpressionFactory.java:45)
at io.cucumber.stepexpression.StepExpressionFactory.createExpression(StepExpressionFactory.java:63)
... 42 more
]]>
    </failure>
  </testcase> <!-- runScenario -->
  <testcase classname="cucumber.api.testng.AbstractTestNGCucumberTests" name="runScenario" time="0.011">
    <failure type="cucumber.runtime.CucumberException" message="Could not create a cucumber expression for &amp;apos;Enter Passenger FirstName {string name1}&amp;apos;.
It appears you did not register parameter type. The details are in the stacktrace below.
You can find the documentation here: https://docs.cucumber.io/cucumber/cucumber-expressions/">
      <![CDATA[cucumber.runtime.CucumberException: Could not create a cucumber expression for 'Enter Passenger FirstName {string name1}'.
It appears you did not register parameter type. The details are in the stacktrace below.
You can find the documentation here: https://docs.cucumber.io/cucumber/cucumber-expressions/
at io.cucumber.stepexpression.StepExpressionFactory.registerTypeInConfiguration(StepExpressionFactory.java:93)
at io.cucumber.stepexpression.StepExpressionFactory.createExpression(StepExpressionFactory.java:65)
at io.cucumber.stepexpression.StepExpressionFactory.createExpression(StepExpressionFactory.java:54)
at cucumber.runtime.java.JavaStepDefinition.createExpression(JavaStepDefinition.java:44)
at cucumber.runtime.java.JavaStepDefinition.<init>(JavaStepDefinition.java:36)
at cucumber.runtime.java.JavaBackend.addStepDefinition(JavaBackend.java:146)
at cucumber.runtime.java.MethodScanner.scan(MethodScanner.java:65)
at cucumber.runtime.java.MethodScanner.scan(MethodScanner.java:42)
at cucumber.runtime.java.JavaBackend.loadGlue(JavaBackend.java:82)
at cucumber.runner.Runner.<init>(Runner.java:28)
at cucumber.runner.ThreadLocalRunnerSupplier.createRunner(ThreadLocalRunnerSupplier.java:44)
at cucumber.runner.ThreadLocalRunnerSupplier.access$000(ThreadLocalRunnerSupplier.java:15)
at cucumber.runner.ThreadLocalRunnerSupplier$1.initialValue(ThreadLocalRunnerSupplier.java:24)
at cucumber.runner.ThreadLocalRunnerSupplier$1.initialValue(ThreadLocalRunnerSupplier.java:21)
at java.base/java.lang.ThreadLocal.setInitialValue(ThreadLocal.java:195)
at java.base/java.lang.ThreadLocal.get(ThreadLocal.java:172)
at cucumber.runner.ThreadLocalRunnerSupplier.get(ThreadLocalRunnerSupplier.java:40)
at cucumber.api.testng.TestNGCucumberRunner.runScenario(TestNGCucumberRunner.java:66)
at cucumber.api.testng.AbstractTestNGCucumberTests.runScenario(AbstractTestNGCucumberTests.java:22)
at java.base/jdk.internal.reflect.NativeMethodAccessorImpl.invoke0(Native Method)
at java.base/jdk.internal.reflect.NativeMethodAccessorImpl.invoke(NativeMethodAccessorImpl.java:62)
at java.base/jdk.internal.reflect.DelegatingMethodAccessorImpl.invoke(DelegatingMethodAccessorImpl.java:43)
at java.base/java.lang.reflect.Method.invoke(Method.java:567)
at org.testng.internal.MethodInvocationHelper.invokeMethod(MethodInvocationHelper.java:124)
at org.testng.internal.Invoker.invokeMethod(Invoker.java:583)
at org.testng.internal.Invoker.invokeTestMethod(Invoker.java:719)
at org.testng.internal.Invoker.invokeTestMethods(Invoker.java:989)
at org.testng.internal.TestMethodWorker.invokeTestMethods(TestMethodWorker.java:125)
at org.testng.internal.TestMethodWorker.run(TestMethodWorker.java:109)
at org.testng.TestRunner.privateRun(TestRunner.java:648)
at org.testng.TestRunner.run(TestRunner.java:505)
at org.testng.SuiteRunner.runTest(SuiteRunner.java:455)
at org.testng.SuiteRunner.runSequentially(SuiteRunner.java:450)
at org.testng.SuiteRunner.privateRun(SuiteRunner.java:415)
at org.testng.SuiteRunner.run(SuiteRunner.java:364)
at org.testng.SuiteRunnerWorker.runSuite(SuiteRunnerWorker.java:52)
at org.testng.SuiteRunnerWorker.run(SuiteRunnerWorker.java:84)
at org.testng.TestNG.runSuitesSequentially(TestNG.java:1208)
at org.testng.TestNG.runSuitesLocally(TestNG.java:1137)
at org.testng.TestNG.runSuites(TestNG.java:1049)
at org.testng.TestNG.run(TestNG.java:1017)
at org.testng.remote.AbstractRemoteTestNG.run(AbstractRemoteTestNG.java:115)
at org.testng.remote.RemoteTestNG.initAndRun(RemoteTestNG.java:251)
at org.testng.remote.RemoteTestNG.main(RemoteTestNG.java:77)
Caused by: io.cucumber.cucumberexpressions.UndefinedParameterTypeException: Undefined parameter type {string name1}. Please register a ParameterType for {string name1}.
at io.cucumber.cucumberexpressions.CucumberExpression.processParameters(CucumberExpression.java:101)
at io.cucumber.cucumberexpressions.CucumberExpression.<init>(CucumberExpression.java:32)
at io.cucumber.cucumberexpressions.ExpressionFactory.createExpression(ExpressionFactory.java:45)
at io.cucumber.stepexpression.StepExpressionFactory.createExpression(StepExpressionFactory.java:63)
... 42 more
]]>
    </failure>
  </testcase> <!-- runScenario -->
  <testcase classname="cucumber.api.testng.AbstractTestNGCucumberTests" name="runScenario" time="0.01">
    <failure type="cucumber.runtime.CucumberException" message="Could not create a cucumber expression for &amp;apos;Enter Passenger FirstName {string name1}&amp;apos;.
It appears you did not register parameter type. The details are in the stacktrace below.
You can find the documentation here: https://docs.cucumber.io/cucumber/cucumber-expressions/">
      <![CDATA[cucumber.runtime.CucumberException: Could not create a cucumber expression for 'Enter Passenger FirstName {string name1}'.
It appears you did not register parameter type. The details are in the stacktrace below.
You can find the documentation here: https://docs.cucumber.io/cucumber/cucumber-expressions/
at io.cucumber.stepexpression.StepExpressionFactory.registerTypeInConfiguration(StepExpressionFactory.java:93)
at io.cucumber.stepexpression.StepExpressionFactory.createExpression(StepExpressionFactory.java:65)
at io.cucumber.stepexpression.StepExpressionFactory.createExpression(StepExpressionFactory.java:54)
at cucumber.runtime.java.JavaStepDefinition.createExpression(JavaStepDefinition.java:44)
at cucumber.runtime.java.JavaStepDefinition.<init>(JavaStepDefinition.java:36)
at cucumber.runtime.java.JavaBackend.addStepDefinition(JavaBackend.java:146)
at cucumber.runtime.java.MethodScanner.scan(MethodScanner.java:65)
at cucumber.runtime.java.MethodScanner.scan(MethodScanner.java:42)
at cucumber.runtime.java.JavaBackend.loadGlue(JavaBackend.java:82)
at cucumber.runner.Runner.<init>(Runner.java:28)
at cucumber.runner.ThreadLocalRunnerSupplier.createRunner(ThreadLocalRunnerSupplier.java:44)
at cucumber.runner.ThreadLocalRunnerSupplier.access$000(ThreadLocalRunnerSupplier.java:15)
at cucumber.runner.ThreadLocalRunnerSupplier$1.initialValue(ThreadLocalRunnerSupplier.java:24)
at cucumber.runner.ThreadLocalRunnerSupplier$1.initialValue(ThreadLocalRunnerSupplier.java:21)
at java.base/java.lang.ThreadLocal.setInitialValue(ThreadLocal.java:195)
at java.base/java.lang.ThreadLocal.get(ThreadLocal.java:172)
at cucumber.runner.ThreadLocalRunnerSupplier.get(ThreadLocalRunnerSupplier.java:40)
at cucumber.api.testng.TestNGCucumberRunner.runScenario(TestNGCucumberRunner.java:66)
at cucumber.api.testng.AbstractTestNGCucumberTests.runScenario(AbstractTestNGCucumberTests.java:22)
at java.base/jdk.internal.reflect.NativeMethodAccessorImpl.invoke0(Native Method)
at java.base/jdk.internal.reflect.NativeMethodAccessorImpl.invoke(NativeMethodAccessorImpl.java:62)
at java.base/jdk.internal.reflect.DelegatingMethodAccessorImpl.invoke(DelegatingMethodAccessorImpl.java:43)
at java.base/java.lang.reflect.Method.invoke(Method.java:567)
at org.testng.internal.MethodInvocationHelper.invokeMethod(MethodInvocationHelper.java:124)
at org.testng.internal.Invoker.invokeMethod(Invoker.java:583)
at org.testng.internal.Invoker.invokeTestMethod(Invoker.java:719)
at org.testng.internal.Invoker.invokeTestMethods(Invoker.java:989)
at org.testng.internal.TestMethodWorker.invokeTestMethods(TestMethodWorker.java:125)
at org.testng.internal.TestMethodWorker.run(TestMethodWorker.java:109)
at org.testng.TestRunner.privateRun(TestRunner.java:648)
at org.testng.TestRunner.run(TestRunner.java:505)
at org.testng.SuiteRunner.runTest(SuiteRunner.java:455)
at org.testng.SuiteRunner.runSequentially(SuiteRunner.java:450)
at org.testng.SuiteRunner.privateRun(SuiteRunner.java:415)
at org.testng.SuiteRunner.run(SuiteRunner.java:364)
at org.testng.SuiteRunnerWorker.runSuite(SuiteRunnerWorker.java:52)
at org.testng.SuiteRunnerWorker.run(SuiteRunnerWorker.java:84)
at org.testng.TestNG.runSuitesSequentially(TestNG.java:1208)
at org.testng.TestNG.runSuitesLocally(TestNG.java:1137)
at org.testng.TestNG.runSuites(TestNG.java:1049)
at org.testng.TestNG.run(TestNG.java:1017)
at org.testng.remote.AbstractRemoteTestNG.run(AbstractRemoteTestNG.java:115)
at org.testng.remote.RemoteTestNG.initAndRun(RemoteTestNG.java:251)
at org.testng.remote.RemoteTestNG.main(RemoteTestNG.java:77)
Caused by: io.cucumber.cucumberexpressions.UndefinedParameterTypeException: Undefined parameter type {string name1}. Please register a ParameterType for {string name1}.
at io.cucumber.cucumberexpressions.CucumberExpression.processParameters(CucumberExpression.java:101)
at io.cucumber.cucumberexpressions.CucumberExpression.<init>(CucumberExpression.java:32)
at io.cucumber.cucumberexpressions.ExpressionFactory.createExpression(ExpressionFactory.java:45)
at io.cucumber.stepexpression.StepExpressionFactory.createExpression(StepExpressionFactory.java:63)
... 42 more
]]>
    </failure>
  </testcase> <!-- runScenario -->
  <testcase classname="cucumber.api.testng.AbstractTestNGCucumberTests" name="runScenario" time="0.009">
    <failure type="cucumber.runtime.CucumberException" message="Could not create a cucumber expression for &amp;apos;Enter Passenger FirstName {string name1}&amp;apos;.
It appears you did not register parameter type. The details are in the stacktrace below.
You can find the documentation here: https://docs.cucumber.io/cucumber/cucumber-expressions/">
      <![CDATA[cucumber.runtime.CucumberException: Could not create a cucumber expression for 'Enter Passenger FirstName {string name1}'.
It appears you did not register parameter type. The details are in the stacktrace below.
You can find the documentation here: https://docs.cucumber.io/cucumber/cucumber-expressions/
at io.cucumber.stepexpression.StepExpressionFactory.registerTypeInConfiguration(StepExpressionFactory.java:93)
at io.cucumber.stepexpression.StepExpressionFactory.createExpression(StepExpressionFactory.java:65)
at io.cucumber.stepexpression.StepExpressionFactory.createExpression(StepExpressionFactory.java:54)
at cucumber.runtime.java.JavaStepDefinition.createExpression(JavaStepDefinition.java:44)
at cucumber.runtime.java.JavaStepDefinition.<init>(JavaStepDefinition.java:36)
at cucumber.runtime.java.JavaBackend.addStepDefinition(JavaBackend.java:146)
at cucumber.runtime.java.MethodScanner.scan(MethodScanner.java:65)
at cucumber.runtime.java.MethodScanner.scan(MethodScanner.java:42)
at cucumber.runtime.java.JavaBackend.loadGlue(JavaBackend.java:82)
at cucumber.runner.Runner.<init>(Runner.java:28)
at cucumber.runner.ThreadLocalRunnerSupplier.createRunner(ThreadLocalRunnerSupplier.java:44)
at cucumber.runner.ThreadLocalRunnerSupplier.access$000(ThreadLocalRunnerSupplier.java:15)
at cucumber.runner.ThreadLocalRunnerSupplier$1.initialValue(ThreadLocalRunnerSupplier.java:24)
at cucumber.runner.ThreadLocalRunnerSupplier$1.initialValue(ThreadLocalRunnerSupplier.java:21)
at java.base/java.lang.ThreadLocal.setInitialValue(ThreadLocal.java:195)
at java.base/java.lang.ThreadLocal.get(ThreadLocal.java:172)
at cucumber.runner.ThreadLocalRunnerSupplier.get(ThreadLocalRunnerSupplier.java:40)
at cucumber.api.testng.TestNGCucumberRunner.runScenario(TestNGCucumberRunner.java:66)
at cucumber.api.testng.AbstractTestNGCucumberTests.runScenario(AbstractTestNGCucumberTests.java:22)
at java.base/jdk.internal.reflect.NativeMethodAccessorImpl.invoke0(Native Method)
at java.base/jdk.internal.reflect.NativeMethodAccessorImpl.invoke(NativeMethodAccessorImpl.java:62)
at java.base/jdk.internal.reflect.DelegatingMethodAccessorImpl.invoke(DelegatingMethodAccessorImpl.java:43)
at java.base/java.lang.reflect.Method.invoke(Method.java:567)
at org.testng.internal.MethodInvocationHelper.invokeMethod(MethodInvocationHelper.java:124)
at org.testng.internal.Invoker.invokeMethod(Invoker.java:583)
at org.testng.internal.Invoker.invokeTestMethod(Invoker.java:719)
at org.testng.internal.Invoker.invokeTestMethods(Invoker.java:989)
at org.testng.internal.TestMethodWorker.invokeTestMethods(TestMethodWorker.java:125)
at org.testng.internal.TestMethodWorker.run(TestMethodWorker.java:109)
at org.testng.TestRunner.privateRun(TestRunner.java:648)
at org.testng.TestRunner.run(TestRunner.java:505)
at org.testng.SuiteRunner.runTest(SuiteRunner.java:455)
at org.testng.SuiteRunner.runSequentially(SuiteRunner.java:450)
at org.testng.SuiteRunner.privateRun(SuiteRunner.java:415)
at org.testng.SuiteRunner.run(SuiteRunner.java:364)
at org.testng.SuiteRunnerWorker.runSuite(SuiteRunnerWorker.java:52)
at org.testng.SuiteRunnerWorker.run(SuiteRunnerWorker.java:84)
at org.testng.TestNG.runSuitesSequentially(TestNG.java:1208)
at org.testng.TestNG.runSuitesLocally(TestNG.java:1137)
at org.testng.TestNG.runSuites(TestNG.java:1049)
at org.testng.TestNG.run(TestNG.java:1017)
at org.testng.remote.AbstractRemoteTestNG.run(AbstractRemoteTestNG.java:115)
at org.testng.remote.RemoteTestNG.initAndRun(RemoteTestNG.java:251)
at org.testng.remote.RemoteTestNG.main(RemoteTestNG.java:77)
Caused by: io.cucumber.cucumberexpressions.UndefinedParameterTypeException: Undefined parameter type {string name1}. Please register a ParameterType for {string name1}.
at io.cucumber.cucumberexpressions.CucumberExpression.processParameters(CucumberExpression.java:101)
at io.cucumber.cucumberexpressions.CucumberExpression.<init>(CucumberExpression.java:32)
at io.cucumber.cucumberexpressions.ExpressionFactory.createExpression(ExpressionFactory.java:45)
at io.cucumber.stepexpression.StepExpressionFactory.createExpression(StepExpressionFactory.java:63)
... 42 more
]]>
    </failure>
  </testcase> <!-- runScenario -->
  <testcase classname="cucumber.api.testng.AbstractTestNGCucumberTests" name="runScenario" time="0.008">
    <failure type="cucumber.runtime.CucumberException" message="Could not create a cucumber expression for &amp;apos;Enter Passenger FirstName {string name1}&amp;apos;.
It appears you did not register parameter type. The details are in the stacktrace below.
You can find the documentation here: https://docs.cucumber.io/cucumber/cucumber-expressions/">
      <![CDATA[cucumber.runtime.CucumberException: Could not create a cucumber expression for 'Enter Passenger FirstName {string name1}'.
It appears you did not register parameter type. The details are in the stacktrace below.
You can find the documentation here: https://docs.cucumber.io/cucumber/cucumber-expressions/
at io.cucumber.stepexpression.StepExpressionFactory.registerTypeInConfiguration(StepExpressionFactory.java:93)
at io.cucumber.stepexpression.StepExpressionFactory.createExpression(StepExpressionFactory.java:65)
at io.cucumber.stepexpression.StepExpressionFactory.createExpression(StepExpressionFactory.java:54)
at cucumber.runtime.java.JavaStepDefinition.createExpression(JavaStepDefinition.java:44)
at cucumber.runtime.java.JavaStepDefinition.<init>(JavaStepDefinition.java:36)
at cucumber.runtime.java.JavaBackend.addStepDefinition(JavaBackend.java:146)
at cucumber.runtime.java.MethodScanner.scan(MethodScanner.java:65)
at cucumber.runtime.java.MethodScanner.scan(MethodScanner.java:42)
at cucumber.runtime.java.JavaBackend.loadGlue(JavaBackend.java:82)
at cucumber.runner.Runner.<init>(Runner.java:28)
at cucumber.runner.ThreadLocalRunnerSupplier.createRunner(ThreadLocalRunnerSupplier.java:44)
at cucumber.runner.ThreadLocalRunnerSupplier.access$000(ThreadLocalRunnerSupplier.java:15)
at cucumber.runner.ThreadLocalRunnerSupplier$1.initialValue(ThreadLocalRunnerSupplier.java:24)
at cucumber.runner.ThreadLocalRunnerSupplier$1.initialValue(ThreadLocalRunnerSupplier.java:21)
at java.base/java.lang.ThreadLocal.setInitialValue(ThreadLocal.java:195)
at java.base/java.lang.ThreadLocal.get(ThreadLocal.java:172)
at cucumber.runner.ThreadLocalRunnerSupplier.get(ThreadLocalRunnerSupplier.java:40)
at cucumber.api.testng.TestNGCucumberRunner.runScenario(TestNGCucumberRunner.java:66)
at cucumber.api.testng.AbstractTestNGCucumberTests.runScenario(AbstractTestNGCucumberTests.java:22)
at java.base/jdk.internal.reflect.NativeMethodAccessorImpl.invoke0(Native Method)
at java.base/jdk.internal.reflect.NativeMethodAccessorImpl.invoke(NativeMethodAccessorImpl.java:62)
at java.base/jdk.internal.reflect.DelegatingMethodAccessorImpl.invoke(DelegatingMethodAccessorImpl.java:43)
at java.base/java.lang.reflect.Method.invoke(Method.java:567)
at org.testng.internal.MethodInvocationHelper.invokeMethod(MethodInvocationHelper.java:124)
at org.testng.internal.Invoker.invokeMethod(Invoker.java:583)
at org.testng.internal.Invoker.invokeTestMethod(Invoker.java:719)
at org.testng.internal.Invoker.invokeTestMethods(Invoker.java:989)
at org.testng.internal.TestMethodWorker.invokeTestMethods(TestMethodWorker.java:125)
at org.testng.internal.TestMethodWorker.run(TestMethodWorker.java:109)
at org.testng.TestRunner.privateRun(TestRunner.java:648)
at org.testng.TestRunner.run(TestRunner.java:505)
at org.testng.SuiteRunner.runTest(SuiteRunner.java:455)
at org.testng.SuiteRunner.runSequentially(SuiteRunner.java:450)
at org.testng.SuiteRunner.privateRun(SuiteRunner.java:415)
at org.testng.SuiteRunner.run(SuiteRunner.java:364)
at org.testng.SuiteRunnerWorker.runSuite(SuiteRunnerWorker.java:52)
at org.testng.SuiteRunnerWorker.run(SuiteRunnerWorker.java:84)
at org.testng.TestNG.runSuitesSequentially(TestNG.java:1208)
at org.testng.TestNG.runSuitesLocally(TestNG.java:1137)
at org.testng.TestNG.runSuites(TestNG.java:1049)
at org.testng.TestNG.run(TestNG.java:1017)
at org.testng.remote.AbstractRemoteTestNG.run(AbstractRemoteTestNG.java:115)
at org.testng.remote.RemoteTestNG.initAndRun(RemoteTestNG.java:251)
at org.testng.remote.RemoteTestNG.main(RemoteTestNG.java:77)
Caused by: io.cucumber.cucumberexpressions.UndefinedParameterTypeException: Undefined parameter type {string name1}. Please register a ParameterType for {string name1}.
at io.cucumber.cucumberexpressions.CucumberExpression.processParameters(CucumberExpression.java:101)
at io.cucumber.cucumberexpressions.CucumberExpression.<init>(CucumberExpression.java:32)
at io.cucumber.cucumberexpressions.ExpressionFactory.createExpression(ExpressionFactory.java:45)
at io.cucumber.stepexpression.StepExpressionFactory.createExpression(StepExpressionFactory.java:63)
... 42 more
]]>
    </failure>
  </testcase> <!-- runScenario -->
</testsuite> <!-- Default test -->
