<?xml version="1.0" encoding="UTF-8" ?>
<testsuite tests="1" failures="1" name="TestSuite" time="0.008" errors="0" skipped="0">
  <properties>
[...]
</properties>
  <testcase classname="Runners.TestRunner" name="runScenario" time="0.008">
    <failure message="gherkin.ParserException$CompositeParserException: Parser errors:
(1:1): expected: #EOF, #Language, #TagLine, #FeatureLine, #Comment, #Empty, got &apos;Feature : Booking tickets for 2 persons&apos;
(3:1): expected: #EOF, #Language, #TagLine, #FeatureLine, #Comment, #Empty, got &apos;Scenario: Select Places and Date for Booking Ticket&apos;
(4:1): expected: #EOF, #Language, #TagLine, #FeatureLine, #Comment, #Empty, got &apos;Given Launch MakeMyTrip URL&apos;
(5:1): expected: #EOF, #Language, #TagLine, #FeatureLine, #Comment, #Empty, got &apos;When Select Desired Flight ,Schedule&apos;
(6:1): expected: #EOF, #Language, #TagLine, #FeatureLine, #Comment, #Empty, got &apos;And Click Search&apos;
(7:1): expected: #EOF, #Language, #TagLine, #FeatureLine, #Comment, #Empty, got &apos;Then Validate Search for Flights&apos;
(9:1): expected: #EOF, #Language, #TagLine, #FeatureLine, #Comment, #Empty, got &apos;Scenario: Book Desired Flight&apos;
(10:1): expected: #EOF, #Language, #TagLine, #FeatureLine, #Comment, #Empty, got &apos;When Select Flight&apos;
(11:1): expected: #EOF, #Language, #TagLine, #FeatureLine, #Comment, #Empty, got &apos;And Click BookNow&apos;
(12:1): expected: #EOF, #Language, #TagLine, #FeatureLine, #Comment, #Empty, got &apos;And Click Continue&apos;
(13:1): expected: #EOF, #Language, #TagLine, #FeatureLine, #Comment, #Empty, got &apos;Then Validate BookingReview&apos;" type="cucumber.runtime.CucumberException">cucumber.runtime.CucumberException: gherkin.ParserException$CompositeParserException: Parser errors:
(1:1): expected: #EOF, #Language, #TagLine, #FeatureLine, #Comment, #Empty, got &apos;Feature : Booking tickets for 2 persons&apos;
(3:1): expected: #EOF, #Language, #TagLine, #FeatureLine, #Comment, #Empty, got &apos;Scenario: Select Places and Date for Booking Ticket&apos;
(4:1): expected: #EOF, #Language, #TagLine, #FeatureLine, #Comment, #Empty, got &apos;Given Launch MakeMyTrip URL&apos;
(5:1): expected: #EOF, #Language, #TagLine, #FeatureLine, #Comment, #Empty, got &apos;When Select Desired Flight ,Schedule&apos;
(6:1): expected: #EOF, #Language, #TagLine, #FeatureLine, #Comment, #Empty, got &apos;And Click Search&apos;
(7:1): expected: #EOF, #Language, #TagLine, #FeatureLine, #Comment, #Empty, got &apos;Then Validate Search for Flights&apos;
(9:1): expected: #EOF, #Language, #TagLine, #FeatureLine, #Comment, #Empty, got &apos;Scenario: Book Desired Flight&apos;
(10:1): expected: #EOF, #Language, #TagLine, #FeatureLine, #Comment, #Empty, got &apos;When Select Flight&apos;
(11:1): expected: #EOF, #Language, #TagLine, #FeatureLine, #Comment, #Empty, got &apos;And Click BookNow&apos;
(12:1): expected: #EOF, #Language, #TagLine, #FeatureLine, #Comment, #Empty, got &apos;And Click Continue&apos;
(13:1): expected: #EOF, #Language, #TagLine, #FeatureLine, #Comment, #Empty, got &apos;Then Validate BookingReview&apos;
	at cucumber.runtime.model.FeatureBuilder.parse(FeatureBuilder.java:60)
	at cucumber.runtime.model.FeatureLoader.loadFromFeaturePath(FeatureLoader.java:113)
	at cucumber.runtime.model.FeatureLoader.load(FeatureLoader.java:48)
	at cucumber.runtime.model.FeatureLoader.load(FeatureLoader.java:30)
	at cucumber.runtime.FeaturePathFeatureSupplier.get(FeaturePathFeatureSupplier.java:22)
	at cucumber.api.testng.TestNGCucumberRunner.getFeatures(TestNGCucumberRunner.java:107)
	at cucumber.api.testng.TestNGCucumberRunner.provideScenarios(TestNGCucumberRunner.java:88)
	at cucumber.api.testng.AbstractTestNGCucumberTests.scenarios(AbstractTestNGCucumberTests.java:35)
	at java.base/jdk.internal.reflect.NativeMethodAccessorImpl.invoke0(Native Method)
	at java.base/jdk.internal.reflect.NativeMethodAccessorImpl.invoke(NativeMethodAccessorImpl.java:62)
	at java.base/jdk.internal.reflect.DelegatingMethodAccessorImpl.invoke(DelegatingMethodAccessorImpl.java:43)
	at java.base/java.lang.reflect.Method.invoke(Method.java:567)
	at org.testng.internal.MethodInvocationHelper.invokeMethod(MethodInvocationHelper.java:124)
	at org.testng.internal.MethodInvocationHelper.invokeMethod(MethodInvocationHelper.java:74)
	at org.testng.internal.MethodInvocationHelper.invokeMethodNoCheckedException(MethodInvocationHelper.java:45)
	at org.testng.internal.MethodInvocationHelper.invokeDataProvider(MethodInvocationHelper.java:131)
	at org.testng.internal.Parameters.handleParameters(Parameters.java:706)
	at org.testng.internal.ParameterHandler.handleParameters(ParameterHandler.java:49)
	at org.testng.internal.ParameterHandler.createParameters(ParameterHandler.java:37)
	at org.testng.internal.Invoker.invokeTestMethods(Invoker.java:924)
	at org.testng.internal.TestMethodWorker.invokeTestMethods(TestMethodWorker.java:125)
	at org.testng.internal.TestMethodWorker.run(TestMethodWorker.java:109)
	at org.testng.TestRunner.privateRun(TestRunner.java:648)
	at org.testng.TestRunner.run(TestRunner.java:505)
	at org.testng.SuiteRunner.runTest(SuiteRunner.java:455)
	at org.testng.SuiteRunner.runSequentially(SuiteRunner.java:450)
	at org.testng.SuiteRunner.privateRun(SuiteRunner.java:415)
	at org.testng.SuiteRunner.run(SuiteRunner.java:364)
	at org.testng.SuiteRunnerWorker.runSuite(SuiteRunnerWorker.java:52)
	at org.testng.SuiteRunnerWorker.run(SuiteRunnerWorker.java:84)
	at org.testng.TestNG.runSuitesSequentially(TestNG.java:1208)
	at org.testng.TestNG.runSuitesLocally(TestNG.java:1137)
	at org.testng.TestNG.runSuites(TestNG.java:1049)
	at org.testng.TestNG.run(TestNG.java:1017)
	at org.apache.maven.surefire.testng.TestNGExecutor.run(TestNGExecutor.java:77)
	at org.apache.maven.surefire.testng.TestNGDirectoryTestSuite.executeMulti(TestNGDirectoryTestSuite.java:159)
	at org.apache.maven.surefire.testng.TestNGDirectoryTestSuite.execute(TestNGDirectoryTestSuite.java:99)
	at org.apache.maven.surefire.testng.TestNGProvider.invoke(TestNGProvider.java:106)
	at java.base/jdk.internal.reflect.NativeMethodAccessorImpl.invoke0(Native Method)
	at java.base/jdk.internal.reflect.NativeMethodAccessorImpl.invoke(NativeMethodAccessorImpl.java:62)
	at java.base/jdk.internal.reflect.DelegatingMethodAccessorImpl.invoke(DelegatingMethodAccessorImpl.java:43)
	at java.base/java.lang.reflect.Method.invoke(Method.java:567)
	at org.apache.maven.surefire.util.ReflectionUtils.invokeMethodWithArray(ReflectionUtils.java:189)
	at org.apache.maven.surefire.booter.ProviderFactory$ProviderProxy.invoke(ProviderFactory.java:165)
	at org.apache.maven.surefire.booter.ProviderFactory.invokeProvider(ProviderFactory.java:85)
	at org.apache.maven.surefire.booter.ForkedBooter.runSuitesInProcess(ForkedBooter.java:115)
	at org.apache.maven.surefire.booter.ForkedBooter.main(ForkedBooter.java:75)
Caused by: gherkin.ParserException$CompositeParserException: Parser errors:
(1:1): expected: #EOF, #Language, #TagLine, #FeatureLine, #Comment, #Empty, got &apos;Feature : Booking tickets for 2 persons&apos;
(3:1): expected: #EOF, #Language, #TagLine, #FeatureLine, #Comment, #Empty, got &apos;Scenario: Select Places and Date for Booking Ticket&apos;
(4:1): expected: #EOF, #Language, #TagLine, #FeatureLine, #Comment, #Empty, got &apos;Given Launch MakeMyTrip URL&apos;
(5:1): expected: #EOF, #Language, #TagLine, #FeatureLine, #Comment, #Empty, got &apos;When Select Desired Flight ,Schedule&apos;
(6:1): expected: #EOF, #Language, #TagLine, #FeatureLine, #Comment, #Empty, got &apos;And Click Search&apos;
(7:1): expected: #EOF, #Language, #TagLine, #FeatureLine, #Comment, #Empty, got &apos;Then Validate Search for Flights&apos;
(9:1): expected: #EOF, #Language, #TagLine, #FeatureLine, #Comment, #Empty, got &apos;Scenario: Book Desired Flight&apos;
(10:1): expected: #EOF, #Language, #TagLine, #FeatureLine, #Comment, #Empty, got &apos;When Select Flight&apos;
(11:1): expected: #EOF, #Language, #TagLine, #FeatureLine, #Comment, #Empty, got &apos;And Click BookNow&apos;
(12:1): expected: #EOF, #Language, #TagLine, #FeatureLine, #Comment, #Empty, got &apos;And Click Continue&apos;
(13:1): expected: #EOF, #Language, #TagLine, #FeatureLine, #Comment, #Empty, got &apos;Then Validate BookingReview&apos;
	at gherkin.Parser.addError(Parser.java:152)
	at gherkin.Parser.matchTokenAt_0(Parser.java:491)
	at gherkin.Parser.matchToken(Parser.java:337)
	at gherkin.Parser.parse(Parser.java:137)
	at gherkin.Parser.parse(Parser.java:118)
	at gherkin.Parser.parse(Parser.java:114)
	at cucumber.runtime.model.FeatureBuilder.parse(FeatureBuilder.java:56)
	... 46 more
Caused by: gherkin.ParserException$CompositeParserException: Parser errors:
(1:1): expected: #EOF, #Language, #TagLine, #FeatureLine, #Comment, #Empty, got &apos;Feature : Booking tickets for 2 persons&apos;
(3:1): expected: #EOF, #Language, #TagLine, #FeatureLine, #Comment, #Empty, got &apos;Scenario: Select Places and Date for Booking Ticket&apos;
(4:1): expected: #EOF, #Language, #TagLine, #FeatureLine, #Comment, #Empty, got &apos;Given Launch MakeMyTrip URL&apos;
(5:1): expected: #EOF, #Language, #TagLine, #FeatureLine, #Comment, #Empty, got &apos;When Select Desired Flight ,Schedule&apos;
(6:1): expected: #EOF, #Language, #TagLine, #FeatureLine, #Comment, #Empty, got &apos;And Click Search&apos;
(7:1): expected: #EOF, #Language, #TagLine, #FeatureLine, #Comment, #Empty, got &apos;Then Validate Search for Flights&apos;
(9:1): expected: #EOF, #Language, #TagLine, #FeatureLine, #Comment, #Empty, got &apos;Scenario: Book Desired Flight&apos;
(10:1): expected: #EOF, #Language, #TagLine, #FeatureLine, #Comment, #Empty, got &apos;When Select Flight&apos;
(11:1): expected: #EOF, #Language, #TagLine, #FeatureLine, #Comment, #Empty, got &apos;And Click BookNow&apos;
(12:1): expected: #EOF, #Language, #TagLine, #FeatureLine, #Comment, #Empty, got &apos;And Click Continue&apos;
(13:1): expected: #EOF, #Language, #TagLine, #FeatureLine, #Comment, #Empty, got &apos;Then Validate BookingReview&apos;
	at gherkin.Parser.addError(Parser.java:152)
	at gherkin.Parser.matchTokenAt_0(Parser.java:491)
	at gherkin.Parser.matchToken(Parser.java:337)
	at gherkin.Parser.parse(Parser.java:137)
	at gherkin.Parser.parse(Parser.java:118)
	at gherkin.Parser.parse(Parser.java:114)
	at cucumber.runtime.model.FeatureBuilder.parse(FeatureBuilder.java:56)
	... 46 more
</failure>
    <system-out>Configuring TestNG with: org.apache.maven.surefire.testng.conf.TestNG652Configurator@5f150435
</system-out>
    <system-err>Starting ChromeDriver 79.0.3945.36 (3582db32b33893869b8c1339e8f4d9ed1816f143-refs/branch-heads/3945@{#614}) on port 2712
Only local connections are allowed.
Please protect ports used by ChromeDriver and related test frameworks to prevent access by malicious code.
Feb 05, 2020 7:15:32 PM org.openqa.selenium.remote.ProtocolHandshake createSession
INFO: Detected dialect: W3C
</system-err>
  </testcase>
</testsuite>