<?xml version="1.0" encoding="UTF-8"?>
<testng-results ignored="0" total="1" passed="1" failed="0" skipped="0">
  <reporter-output>
  </reporter-output>
  <suite started-at="2020-02-18T08:50:28Z" name="Default suite" finished-at="2020-02-18T08:51:38Z" duration-ms="69527">
    <groups>
      <group name="cucumber">
        <method signature="AbstractTestNGCucumberTests.runScenario(cucumber.api.testng.PickleEventWrapper, cucumber.api.testng.CucumberFeatureWrapper)[pri:0, instance:Runners.TestRunner@1460a8c0]" name="runScenario" class="cucumber.api.testng.AbstractTestNGCucumberTests"/>
      </group> <!-- cucumber -->
    </groups>
    <test started-at="2020-02-18T08:50:28Z" name="Default test" finished-at="2020-02-18T08:51:38Z" duration-ms="69527">
      <class name="Runners.TestRunner">
        <test-method is-config="true" signature="setUpClass()[pri:0, instance:Runners.TestRunner@1460a8c0]" started-at="2020-02-18T08:50:28Z" name="setUpClass" finished-at="2020-02-18T08:50:28Z" duration-ms="144" status="PASS">
          <reporter-output>
          </reporter-output>
        </test-method> <!-- setUpClass -->
        <test-method is-config="true" signature="beforeclass()[pri:0, instance:Runners.TestRunner@1460a8c0]" started-at="2020-02-18T08:50:28Z" name="beforeclass" finished-at="2020-02-18T08:50:30Z" duration-ms="1871" status="PASS">
          <reporter-output>
          </reporter-output>
        </test-method> <!-- beforeclass -->
        <test-method signature="runScenario(cucumber.api.testng.PickleEventWrapper, cucumber.api.testng.CucumberFeatureWrapper)[pri:0, instance:Runners.TestRunner@1460a8c0]" started-at="2020-02-18T08:50:30Z" name="runScenario" description="Runs Cucumber Scenarios" data-provider="scenarios" finished-at="2020-02-18T08:51:37Z" duration-ms="67033" status="PASS">
          <params>
            <param index="0">
              <value>
                <![CDATA["Payment Page"]]>
              </value>
            </param>
            <param index="1">
              <value>
                <![CDATA["Booking tickets for 2 persons"]]>
              </value>
            </param>
          </params>
          <reporter-output>
          </reporter-output>
        </test-method> <!-- runScenario -->
        <test-method is-config="true" signature="afterclass()[pri:0, instance:Runners.TestRunner@1460a8c0]" started-at="2020-02-18T08:51:37Z" name="afterclass" finished-at="2020-02-18T08:51:38Z" duration-ms="296" status="PASS">
          <reporter-output>
          </reporter-output>
        </test-method> <!-- afterclass -->
        <test-method is-config="true" signature="tearDownClass()[pri:0, instance:Runners.TestRunner@1460a8c0]" started-at="2020-02-18T08:51:38Z" name="tearDownClass" finished-at="2020-02-18T08:51:38Z" duration-ms="135" status="PASS">
          <reporter-output>
          </reporter-output>
        </test-method> <!-- tearDownClass -->
      </class> <!-- Runners.TestRunner -->
    </test> <!-- Default test -->
  </suite> <!-- Default suite -->
</testng-results>
