<?xml version="1.0" encoding="UTF-8"?>
<!-- Generated by org.testng.reporters.JUnitReportReporter -->
<testsuite hostname="Poojas-MacBook-Pro.local" failures="0" tests="1" name="Runners.TestRunner" time="13.387" errors="1" timestamp="19 Feb 2020 09:30:20 GMT" skipped="0">
  <testcase classname="Runners.TestRunner" name="runScenario" time="13.387">
    <error message="element click intercepted: Element &lt;div class=&quot;fsw_inputBox dates reDates inactiveWidget &quot;&gt;...&lt;/div&gt; is not clickable at point (993, 251). Other element would receive the click: &lt;iframe title=&quot;notification-frame-31756199&quot; name=&quot;notification-frame-31756199&quot; id=&quot;webklipper-publisher-widget-container-notification-frame&quot; frameborder=&quot;0&quot; marginheight=&quot;0&quot; marginwidth=&quot;0&quot; style=&quot;display: block; z-index: 16776272; position: fixed; visibility: visible; height: 100%; width: 100%; top: 0px; left: 0px; right: auto;&quot; data-notification-layout-id=&quot;~184fc0b7&quot; data-notification-layout-name=&quot;modal&quot;&gt;&lt;/iframe&gt;
  (Session info: chrome=79.0.3945.130)
Build info: version: &#039;3.141.59&#039;, revision: &#039;e82be7d358&#039;, time: &#039;2018-11-14T08:17:03&#039;
System info: host: &#039;Poojas-MacBook-Pro.local&#039;, ip: &#039;fe80:0:0:0:1486:7fda:791c:8381%en0&#039;, os.name: &#039;Mac OS X&#039;, os.arch: &#039;x86_64&#039;, os.version: &#039;10.13.6&#039;, java.version: &#039;13.0.1&#039;
Driver info: org.openqa.selenium.chrome.ChromeDriver
Capabilities {acceptInsecureCerts: false, browserName: chrome, browserVersion: 79.0.3945.130, chrome: {chromedriverVersion: 79.0.3945.36 (3582db32b3389..., userDataDir: /var/folders/gv/mllqbt8534n...}, goog:chromeOptions: {debuggerAddress: localhost:62631}, javascriptEnabled: true, networkConnectionEnabled: false, pageLoadStrategy: normal, platform: MAC, platformName: MAC, proxy: Proxy(), setWindowRect: true, strictFileInteractability: false, timeouts: {implicit: 0, pageLoad: 300000, script: 30000}, unhandledPromptBehavior: dismiss and notify}
Session ID: 562d91b6d74281ab7491680c5cae5902" type="org.openqa.selenium.ElementClickInterceptedException">
      <![CDATA[org.openqa.selenium.ElementClickInterceptedException: element click intercepted: Element <div class="fsw_inputBox dates reDates inactiveWidget ">...</div> is not clickable at point (993, 251). Other element would receive the click: <iframe title="notification-frame-31756199" name="notification-frame-31756199" id="webklipper-publisher-widget-container-notification-frame" frameborder="0" marginheight="0" marginwidth="0" style="display: block; z-index: 16776272; position: fixed; visibility: visible; height: 100%; width: 100%; top: 0px; left: 0px; right: auto;" data-notification-layout-id="~184fc0b7" data-notification-layout-name="modal"></iframe>
  (Session info: chrome=79.0.3945.130)
Build info: version: '3.141.59', revision: 'e82be7d358', time: '2018-11-14T08:17:03'
System info: host: 'Poojas-MacBook-Pro.local', ip: 'fe80:0:0:0:1486:7fda:791c:8381%en0', os.name: 'Mac OS X', os.arch: 'x86_64', os.version: '10.13.6', java.version: '13.0.1'
Driver info: org.openqa.selenium.chrome.ChromeDriver
Capabilities {acceptInsecureCerts: false, browserName: chrome, browserVersion: 79.0.3945.130, chrome: {chromedriverVersion: 79.0.3945.36 (3582db32b3389..., userDataDir: /var/folders/gv/mllqbt8534n...}, goog:chromeOptions: {debuggerAddress: localhost:62631}, javascriptEnabled: true, networkConnectionEnabled: false, pageLoadStrategy: normal, platform: MAC, platformName: MAC, proxy: Proxy(), setWindowRect: true, strictFileInteractability: false, timeouts: {implicit: 0, pageLoad: 300000, script: 30000}, unhandledPromptBehavior: dismiss and notify}
Session ID: 562d91b6d74281ab7491680c5cae5902
at java.base/jdk.internal.reflect.NativeConstructorAccessorImpl.newInstance0(Native Method)
at java.base/jdk.internal.reflect.NativeConstructorAccessorImpl.newInstance(NativeConstructorAccessorImpl.java:62)
at java.base/jdk.internal.reflect.DelegatingConstructorAccessorImpl.newInstance(DelegatingConstructorAccessorImpl.java:45)
at java.base/java.lang.reflect.Constructor.newInstanceWithCaller(Constructor.java:500)
at java.base/java.lang.reflect.Constructor.newInstance(Constructor.java:481)
at org.openqa.selenium.remote.http.W3CHttpResponseCodec.createException(W3CHttpResponseCodec.java:187)
at org.openqa.selenium.remote.http.W3CHttpResponseCodec.decode(W3CHttpResponseCodec.java:122)
at org.openqa.selenium.remote.http.W3CHttpResponseCodec.decode(W3CHttpResponseCodec.java:49)
at org.openqa.selenium.remote.HttpCommandExecutor.execute(HttpCommandExecutor.java:158)
at org.openqa.selenium.remote.service.DriverCommandExecutor.execute(DriverCommandExecutor.java:83)
at org.openqa.selenium.remote.RemoteWebDriver.execute(RemoteWebDriver.java:552)
at org.openqa.selenium.remote.RemoteWebElement.execute(RemoteWebElement.java:285)
at org.openqa.selenium.remote.RemoteWebElement.click(RemoteWebElement.java:84)
at PageObjects.BookingTicketPage.selectReturnDate(BookingTicketPage.java:81)
at StepD.BookingTicket.select_Return_Date(BookingTicket.java:35)
at ✽.Select Return Date "Mar-02-2020"(src/test/resources/Features/BookingTicket.feature:48)
]]>
    </error>
  </testcase> <!-- runScenario -->
</testsuite> <!-- Runners.TestRunner -->
